This file contains any messages produced by compilers while
running configure, to aid debugging if configure makes a mistake.

It was created by configure, which was
generated by GNU Autoconf 2.67.  Invocation command line was

  $ ./configure --exec-prefix=/usr --prefix=/usr --with-boost-location=/usr/include/boost/

## --------- ##
## Platform. ##
## --------- ##

hostname = vortex-II
uname -m = x86_64
uname -r = 2.6.38-10-generic
uname -s = Linux
uname -v = #46-Ubuntu SMP Tue Jun 28 15:07:17 UTC 2011

/usr/bin/uname -p = unknown
/bin/uname -X     = unknown

/bin/arch              = unknown
/usr/bin/arch -k       = unknown
/usr/convex/getsysinfo = unknown
/usr/bin/hostinfo      = unknown
/bin/machine           = unknown
/usr/bin/oslevel       = unknown
/bin/universe          = unknown

PATH: /usr/local/sbin
PATH: /usr/local/bin
PATH: /usr/sbin
PATH: /usr/bin
PATH: /sbin
PATH: /bin
PATH: /usr/games


## ----------- ##
## Core tests. ##
## ----------- ##

configure:2536: checking for a BSD-compatible install
configure:2604: result: /usr/bin/install -c
configure:2615: checking whether build environment is sane
configure:2665: result: yes
configure:2806: checking for a thread-safe mkdir -p
configure:2845: result: /bin/mkdir -p
configure:2858: checking for gawk
configure:2874: found /usr/bin/gawk
configure:2885: result: gawk
configure:2896: checking whether make sets $(MAKE)
configure:2918: result: yes
configure:3086: checking for gcc
configure:3102: found /usr/bin/gcc
configure:3113: result: gcc
configure:3342: checking for C compiler version
configure:3351: gcc --version >&5
gcc (Ubuntu/Linaro 4.5.2-8ubuntu4) 4.5.2
Copyright (C) 2010 Free Software Foundation, Inc.
This is free software; see the source for copying conditions.  There is NO
warranty; not even for MERCHANTABILITY or FITNESS FOR A PARTICULAR PURPOSE.

configure:3362: $? = 0
configure:3351: gcc -v >&5
Using built-in specs.
COLLECT_GCC=gcc
COLLECT_LTO_WRAPPER=/usr/lib/x86_64-linux-gnu/gcc/x86_64-linux-gnu/4.5.2/lto-wrapper
Target: x86_64-linux-gnu
Configured with: ../src/configure -v --with-pkgversion='Ubuntu/Linaro 4.5.2-8ubuntu4' --with-bugurl=file:///usr/share/doc/gcc-4.5/README.Bugs --enable-languages=c,c++,fortran,objc,obj-c++ --prefix=/usr --program-suffix=-4.5 --enable-shared --enable-multiarch --with-multiarch-defaults=x86_64-linux-gnu --enable-linker-build-id --with-system-zlib --libexecdir=/usr/lib/x86_64-linux-gnu --without-included-gettext --enable-threads=posix --with-gxx-include-dir=/usr/include/c++/4.5 --libdir=/usr/lib/x86_64-linux-gnu --enable-nls --with-sysroot=/ --enable-clocale=gnu --enable-libstdcxx-debug --enable-libstdcxx-time=yes --enable-plugin --enable-gold --enable-ld=default --with-plugin-ld=ld.gold --enable-objc-gc --disable-werror --with-arch-32=i686 --with-tune=generic --enable-checking=release --build=x86_64-linux-gnu --host=x86_64-linux-gnu --target=x86_64-linux-gnu
Thread model: posix
gcc version 4.5.2 (Ubuntu/Linaro 4.5.2-8ubuntu4) 
configure:3362: $? = 0
configure:3351: gcc -V >&5
gcc: '-V' option must have argument
configure:3362: $? = 1
configure:3351: gcc -qversion >&5
gcc: unrecognized option '-qversion'
gcc: no input files
configure:3362: $? = 1
configure:3382: checking whether the C compiler works
configure:3404: gcc    conftest.c  >&5
configure:3408: $? = 0
configure:3456: result: yes
configure:3459: checking for C compiler default output file name
configure:3461: result: a.out
configure:3467: checking for suffix of executables
configure:3474: gcc -o conftest    conftest.c  >&5
configure:3478: $? = 0
configure:3500: result: 
configure:3522: checking whether we are cross compiling
configure:3530: gcc -o conftest    conftest.c  >&5
configure:3534: $? = 0
configure:3541: ./conftest
configure:3545: $? = 0
configure:3560: result: no
configure:3565: checking for suffix of object files
configure:3587: gcc -c   conftest.c >&5
configure:3591: $? = 0
configure:3612: result: o
configure:3616: checking whether we are using the GNU C compiler
configure:3635: gcc -c   conftest.c >&5
configure:3635: $? = 0
configure:3644: result: yes
configure:3653: checking whether gcc accepts -g
configure:3673: gcc -c -g  conftest.c >&5
configure:3673: $? = 0
configure:3714: result: yes
configure:3731: checking for gcc option to accept ISO C89
configure:3795: gcc  -c -g -O2  conftest.c >&5
configure:3795: $? = 0
configure:3808: result: none needed
configure:3839: checking for style of include used by make
configure:3867: result: GNU
configure:3892: checking dependency style of gcc
configure:4002: result: gcc3
configure:4022: checking how to run the C preprocessor
configure:4053: gcc -E  conftest.c
configure:4053: $? = 0
configure:4067: gcc -E  conftest.c
conftest.c:15:28: fatal error: ac_nonexistent.h: No such file or directory
compilation terminated.
configure:4067: $? = 1
configure: failed program was:
| /* confdefs.h */
| #define PACKAGE_NAME ""
| #define PACKAGE_TARNAME ""
| #define PACKAGE_VERSION ""
| #define PACKAGE_STRING ""
| #define PACKAGE_BUGREPORT ""
| #define PACKAGE_URL ""
| #define MATISDATADIR "/usr/share/matis"
| #define MATIS_MAJOR_VERSION 0
| #define MATIS_MINOR_VERSION 8
| #define MATIS_MICRO_VERSION 0
| #define PACKAGE "matis"
| #define VERSION "0.8.0"
| /* end confdefs.h.  */
| #include <ac_nonexistent.h>
configure:4092: result: gcc -E
configure:4112: gcc -E  conftest.c
configure:4112: $? = 0
configure:4126: gcc -E  conftest.c
conftest.c:15:28: fatal error: ac_nonexistent.h: No such file or directory
compilation terminated.
configure:4126: $? = 1
configure: failed program was:
| /* confdefs.h */
| #define PACKAGE_NAME ""
| #define PACKAGE_TARNAME ""
| #define PACKAGE_VERSION ""
| #define PACKAGE_STRING ""
| #define PACKAGE_BUGREPORT ""
| #define PACKAGE_URL ""
| #define MATISDATADIR "/usr/share/matis"
| #define MATIS_MAJOR_VERSION 0
| #define MATIS_MINOR_VERSION 8
| #define MATIS_MICRO_VERSION 0
| #define PACKAGE "matis"
| #define VERSION "0.8.0"
| /* end confdefs.h.  */
| #include <ac_nonexistent.h>
configure:4154: checking whether make sets $(MAKE)
configure:4176: result: yes
configure:4234: checking for gcc
configure:4261: result: gcc
configure:4490: checking for C compiler version
configure:4499: gcc --version >&5
gcc (Ubuntu/Linaro 4.5.2-8ubuntu4) 4.5.2
Copyright (C) 2010 Free Software Foundation, Inc.
This is free software; see the source for copying conditions.  There is NO
warranty; not even for MERCHANTABILITY or FITNESS FOR A PARTICULAR PURPOSE.

configure:4510: $? = 0
configure:4499: gcc -v >&5
Using built-in specs.
COLLECT_GCC=gcc
COLLECT_LTO_WRAPPER=/usr/lib/x86_64-linux-gnu/gcc/x86_64-linux-gnu/4.5.2/lto-wrapper
Target: x86_64-linux-gnu
Configured with: ../src/configure -v --with-pkgversion='Ubuntu/Linaro 4.5.2-8ubuntu4' --with-bugurl=file:///usr/share/doc/gcc-4.5/README.Bugs --enable-languages=c,c++,fortran,objc,obj-c++ --prefix=/usr --program-suffix=-4.5 --enable-shared --enable-multiarch --with-multiarch-defaults=x86_64-linux-gnu --enable-linker-build-id --with-system-zlib --libexecdir=/usr/lib/x86_64-linux-gnu --without-included-gettext --enable-threads=posix --with-gxx-include-dir=/usr/include/c++/4.5 --libdir=/usr/lib/x86_64-linux-gnu --enable-nls --with-sysroot=/ --enable-clocale=gnu --enable-libstdcxx-debug --enable-libstdcxx-time=yes --enable-plugin --enable-gold --enable-ld=default --with-plugin-ld=ld.gold --enable-objc-gc --disable-werror --with-arch-32=i686 --with-tune=generic --enable-checking=release --build=x86_64-linux-gnu --host=x86_64-linux-gnu --target=x86_64-linux-gnu
Thread model: posix
gcc version 4.5.2 (Ubuntu/Linaro 4.5.2-8ubuntu4) 
configure:4510: $? = 0
configure:4499: gcc -V >&5
gcc: '-V' option must have argument
configure:4510: $? = 1
configure:4499: gcc -qversion >&5
gcc: unrecognized option '-qversion'
gcc: no input files
configure:4510: $? = 1
configure:4514: checking whether we are using the GNU C compiler
configure:4542: result: yes
configure:4551: checking whether gcc accepts -g
configure:4612: result: yes
configure:4629: checking for gcc option to accept ISO C89
configure:4706: result: none needed
configure:4728: checking dependency style of gcc
configure:4838: result: gcc3
configure:4885: checking build system type
configure:4899: result: x86_64-unknown-linux-gnu
configure:4919: checking host system type
configure:4932: result: x86_64-unknown-linux-gnu
configure:4952: checking for a sed that does not truncate output
configure:5016: result: /bin/sed
configure:5034: checking for grep that handles long lines and -e
configure:5092: result: /bin/grep
configure:5097: checking for egrep
configure:5159: result: /bin/grep -E
configure:5164: checking for fgrep
configure:5226: result: /bin/grep -F
configure:5261: checking for ld used by gcc
configure:5328: result: /usr/bin/ld
configure:5335: checking if the linker (/usr/bin/ld) is GNU ld
configure:5350: result: yes
configure:5362: checking for BSD- or MS-compatible name lister (nm)
configure:5411: result: /usr/bin/nm -B
configure:5529: checking the name lister (/usr/bin/nm -B) interface
configure:5536: gcc -c -g -O2  conftest.c >&5
configure:5539: /usr/bin/nm -B "conftest.o"
configure:5542: output
0000000000000000 B some_variable
configure:5549: result: BSD nm
configure:5552: checking whether ln -s works
configure:5556: result: yes
configure:5564: checking the maximum length of command line arguments
configure:5684: result: 1572864
configure:5701: checking whether the shell understands some XSI constructs
configure:5711: result: yes
configure:5715: checking whether the shell understands "+="
configure:5721: result: yes
configure:5756: checking for /usr/bin/ld option to reload object files
configure:5763: result: -r
configure:5832: checking for objdump
configure:5848: found /usr/bin/objdump
configure:5859: result: objdump
configure:5891: checking how to recognize dependent libraries
configure:6087: result: pass_all
configure:6147: checking for ar
configure:6163: found /usr/bin/ar
configure:6174: result: ar
configure:6252: checking for strip
configure:6268: found /usr/bin/strip
configure:6279: result: strip
configure:6351: checking for ranlib
configure:6367: found /usr/bin/ranlib
configure:6378: result: ranlib
configure:6468: checking command to parse /usr/bin/nm -B output from gcc object
configure:6586: gcc -c -g -O2  conftest.c >&5
configure:6589: $? = 0
configure:6593: /usr/bin/nm -B conftest.o \| sed -n -e 's/^.*[	 ]\([ABCDGIRSTW][ABCDGIRSTW]*\)[	 ][	 ]*\([_A-Za-z][_A-Za-z0-9]*\)$/\1 \2 \2/p' \> conftest.nm
configure:6596: $? = 0
configure:6650: gcc -o conftest -g -O2   conftest.c conftstm.o >&5
configure:6653: $? = 0
configure:6691: result: ok
configure:6787: gcc -c -g -O2  conftest.c >&5
configure:6790: $? = 0
configure:7496: checking for ANSI C header files
configure:7516: gcc -c -g -O2  conftest.c >&5
configure:7516: $? = 0
configure:7589: gcc -o conftest -g -O2   conftest.c  >&5
configure:7589: $? = 0
configure:7589: ./conftest
configure:7589: $? = 0
configure:7600: result: yes
configure:7613: checking for sys/types.h
configure:7613: gcc -c -g -O2  conftest.c >&5
configure:7613: $? = 0
configure:7613: result: yes
configure:7613: checking for sys/stat.h
configure:7613: gcc -c -g -O2  conftest.c >&5
configure:7613: $? = 0
configure:7613: result: yes
configure:7613: checking for stdlib.h
configure:7613: gcc -c -g -O2  conftest.c >&5
configure:7613: $? = 0
configure:7613: result: yes
configure:7613: checking for string.h
configure:7613: gcc -c -g -O2  conftest.c >&5
configure:7613: $? = 0
configure:7613: result: yes
configure:7613: checking for memory.h
configure:7613: gcc -c -g -O2  conftest.c >&5
configure:7613: $? = 0
configure:7613: result: yes
configure:7613: checking for strings.h
configure:7613: gcc -c -g -O2  conftest.c >&5
configure:7613: $? = 0
configure:7613: result: yes
configure:7613: checking for inttypes.h
configure:7613: gcc -c -g -O2  conftest.c >&5
configure:7613: $? = 0
configure:7613: result: yes
configure:7613: checking for stdint.h
configure:7613: gcc -c -g -O2  conftest.c >&5
configure:7613: $? = 0
configure:7613: result: yes
configure:7613: checking for unistd.h
configure:7613: gcc -c -g -O2  conftest.c >&5
configure:7613: $? = 0
configure:7613: result: yes
configure:7627: checking for dlfcn.h
configure:7627: gcc -c -g -O2  conftest.c >&5
configure:7627: $? = 0
configure:7627: result: yes
configure:7809: checking for objdir
configure:7824: result: .libs
configure:8116: checking if gcc supports -fno-rtti -fno-exceptions
configure:8134: gcc -c -g -O2  -fno-rtti -fno-exceptions conftest.c >&5
cc1: warning: command line option "-fno-rtti" is valid for C++/ObjC++ but not for C
configure:8138: $? = 0
configure:8151: result: no
configure:8171: checking for gcc option to produce PIC
configure:8443: result: -fPIC -DPIC
configure:8455: checking if gcc PIC flag -fPIC -DPIC works
configure:8473: gcc -c -g -O2  -fPIC -DPIC -DPIC conftest.c >&5
configure:8477: $? = 0
configure:8490: result: yes
configure:8514: checking if gcc static flag -static works
configure:8542: result: yes
configure:8557: checking if gcc supports -c -o file.o
configure:8578: gcc -c -g -O2  -o out/conftest2.o conftest.c >&5
configure:8582: $? = 0
configure:8604: result: yes
configure:8612: checking if gcc supports -c -o file.o
configure:8659: result: yes
configure:8692: checking whether the gcc linker (/usr/bin/ld -m elf_x86_64) supports shared libraries
configure:9683: result: yes
configure:9720: checking whether -lc should be explicitly linked in
configure:9725: gcc -c -g -O2  conftest.c >&5
configure:9728: $? = 0
configure:9743: gcc -shared conftest.o  -v -Wl,-soname -Wl,conftest -o conftest 2\>\&1 \| /bin/grep  -lc  \>/dev/null 2\>\&1
configure:9746: $? = 0
configure:9758: result: no
configure:9922: checking dynamic linker characteristics
configure:10355: gcc -o conftest -g -O2   -Wl,-rpath -Wl,/foo conftest.c  >&5
configure:10355: $? = 0
configure:10585: result: GNU/Linux ld.so
configure:10687: checking how to hardcode library paths into programs
configure:10712: result: immediate
configure:10806: checking for shl_load
configure:10806: gcc -o conftest -g -O2   conftest.c  >&5
/tmp/cc4Ot1pY.o: In function `main':
/home/thehelix/Work/matis/matis/conftest.c:61: undefined reference to `shl_load'
collect2: ld returned 1 exit status
configure:10806: $? = 1
configure: failed program was:
| /* confdefs.h */
| #define PACKAGE_NAME ""
| #define PACKAGE_TARNAME ""
| #define PACKAGE_VERSION ""
| #define PACKAGE_STRING ""
| #define PACKAGE_BUGREPORT ""
| #define PACKAGE_URL ""
| #define MATISDATADIR "/usr/share/matis"
| #define MATIS_MAJOR_VERSION 0
| #define MATIS_MINOR_VERSION 8
| #define MATIS_MICRO_VERSION 0
| #define PACKAGE "matis"
| #define VERSION "0.8.0"
| #define STDC_HEADERS 1
| #define HAVE_SYS_TYPES_H 1
| #define HAVE_SYS_STAT_H 1
| #define HAVE_STDLIB_H 1
| #define HAVE_STRING_H 1
| #define HAVE_MEMORY_H 1
| #define HAVE_STRINGS_H 1
| #define HAVE_INTTYPES_H 1
| #define HAVE_STDINT_H 1
| #define HAVE_UNISTD_H 1
| #define HAVE_DLFCN_H 1
| #define LT_OBJDIR ".libs/"
| /* end confdefs.h.  */
| /* Define shl_load to an innocuous variant, in case <limits.h> declares shl_load.
|    For example, HP-UX 11i <limits.h> declares gettimeofday.  */
| #define shl_load innocuous_shl_load
| 
| /* System header to define __stub macros and hopefully few prototypes,
|     which can conflict with char shl_load (); below.
|     Prefer <limits.h> to <assert.h> if __STDC__ is defined, since
|     <limits.h> exists even on freestanding compilers.  */
| 
| #ifdef __STDC__
| # include <limits.h>
| #else
| # include <assert.h>
| #endif
| 
| #undef shl_load
| 
| /* Override any GCC internal prototype to avoid an error.
|    Use char because int might match the return type of a GCC
|    builtin and then its argument prototype would still apply.  */
| #ifdef __cplusplus
| extern "C"
| #endif
| char shl_load ();
| /* The GNU C library defines this for functions which it implements
|     to always fail with ENOSYS.  Some functions are actually named
|     something starting with __ and the normal name is an alias.  */
| #if defined __stub_shl_load || defined __stub___shl_load
| choke me
| #endif
| 
| int
| main ()
| {
| return shl_load ();
|   ;
|   return 0;
| }
configure:10806: result: no
configure:10810: checking for shl_load in -ldld
configure:10835: gcc -o conftest -g -O2   conftest.c -ldld   >&5
/usr/bin/ld: cannot find -ldld
collect2: ld returned 1 exit status
configure:10835: $? = 1
configure: failed program was:
| /* confdefs.h */
| #define PACKAGE_NAME ""
| #define PACKAGE_TARNAME ""
| #define PACKAGE_VERSION ""
| #define PACKAGE_STRING ""
| #define PACKAGE_BUGREPORT ""
| #define PACKAGE_URL ""
| #define MATISDATADIR "/usr/share/matis"
| #define MATIS_MAJOR_VERSION 0
| #define MATIS_MINOR_VERSION 8
| #define MATIS_MICRO_VERSION 0
| #define PACKAGE "matis"
| #define VERSION "0.8.0"
| #define STDC_HEADERS 1
| #define HAVE_SYS_TYPES_H 1
| #define HAVE_SYS_STAT_H 1
| #define HAVE_STDLIB_H 1
| #define HAVE_STRING_H 1
| #define HAVE_MEMORY_H 1
| #define HAVE_STRINGS_H 1
| #define HAVE_INTTYPES_H 1
| #define HAVE_STDINT_H 1
| #define HAVE_UNISTD_H 1
| #define HAVE_DLFCN_H 1
| #define LT_OBJDIR ".libs/"
| /* end confdefs.h.  */
| 
| /* Override any GCC internal prototype to avoid an error.
|    Use char because int might match the return type of a GCC
|    builtin and then its argument prototype would still apply.  */
| #ifdef __cplusplus
| extern "C"
| #endif
| char shl_load ();
| int
| main ()
| {
| return shl_load ();
|   ;
|   return 0;
| }
configure:10844: result: no
configure:10849: checking for dlopen
configure:10849: gcc -o conftest -g -O2   conftest.c  >&5
/tmp/ccPf1YQ7.o: In function `main':
/home/thehelix/Work/matis/matis/conftest.c:61: undefined reference to `dlopen'
collect2: ld returned 1 exit status
configure:10849: $? = 1
configure: failed program was:
| /* confdefs.h */
| #define PACKAGE_NAME ""
| #define PACKAGE_TARNAME ""
| #define PACKAGE_VERSION ""
| #define PACKAGE_STRING ""
| #define PACKAGE_BUGREPORT ""
| #define PACKAGE_URL ""
| #define MATISDATADIR "/usr/share/matis"
| #define MATIS_MAJOR_VERSION 0
| #define MATIS_MINOR_VERSION 8
| #define MATIS_MICRO_VERSION 0
| #define PACKAGE "matis"
| #define VERSION "0.8.0"
| #define STDC_HEADERS 1
| #define HAVE_SYS_TYPES_H 1
| #define HAVE_SYS_STAT_H 1
| #define HAVE_STDLIB_H 1
| #define HAVE_STRING_H 1
| #define HAVE_MEMORY_H 1
| #define HAVE_STRINGS_H 1
| #define HAVE_INTTYPES_H 1
| #define HAVE_STDINT_H 1
| #define HAVE_UNISTD_H 1
| #define HAVE_DLFCN_H 1
| #define LT_OBJDIR ".libs/"
| /* end confdefs.h.  */
| /* Define dlopen to an innocuous variant, in case <limits.h> declares dlopen.
|    For example, HP-UX 11i <limits.h> declares gettimeofday.  */
| #define dlopen innocuous_dlopen
| 
| /* System header to define __stub macros and hopefully few prototypes,
|     which can conflict with char dlopen (); below.
|     Prefer <limits.h> to <assert.h> if __STDC__ is defined, since
|     <limits.h> exists even on freestanding compilers.  */
| 
| #ifdef __STDC__
| # include <limits.h>
| #else
| # include <assert.h>
| #endif
| 
| #undef dlopen
| 
| /* Override any GCC internal prototype to avoid an error.
|    Use char because int might match the return type of a GCC
|    builtin and then its argument prototype would still apply.  */
| #ifdef __cplusplus
| extern "C"
| #endif
| char dlopen ();
| /* The GNU C library defines this for functions which it implements
|     to always fail with ENOSYS.  Some functions are actually named
|     something starting with __ and the normal name is an alias.  */
| #if defined __stub_dlopen || defined __stub___dlopen
| choke me
| #endif
| 
| int
| main ()
| {
| return dlopen ();
|   ;
|   return 0;
| }
configure:10849: result: no
configure:10853: checking for dlopen in -ldl
configure:10878: gcc -o conftest -g -O2   conftest.c -ldl   >&5
configure:10878: $? = 0
configure:10887: result: yes
configure:11006: checking whether a program can dlopen itself
configure:11076: gcc -o conftest -g -O2  -DHAVE_DLFCN_H  -Wl,--export-dynamic conftest.c -ldl  >&5
configure:11079: $? = 0
configure:11097: result: yes
configure:11102: checking whether a statically linked program can dlopen itself
configure:11172: gcc -o conftest -g -O2  -DHAVE_DLFCN_H  -Wl,--export-dynamic -static conftest.c -ldl  >&5
/tmp/ccMjEHcn.o: In function `main':
/home/thehelix/Work/matis/matis/configure:11156: warning: Using 'dlopen' in statically linked applications requires at runtime the shared libraries from the glibc version used for linking
/usr/bin/ld: dynamic STT_GNU_IFUNC symbol `strcmp' with pointer equality in `/usr/lib/x86_64-linux-gnu/gcc/x86_64-linux-gnu/4.5.2/../../../libc.a(strcmp.o)' can not be used when making an executable; recompile with -fPIE and relink with -pie
collect2: ld returned 1 exit status
configure:11175: $? = 1
configure:11193: result: no
configure:11232: checking whether stripping libraries is possible
configure:11237: result: yes
configure:11272: checking if libtool supports shared libraries
configure:11274: result: yes
configure:11277: checking whether to build shared libraries
configure:11298: result: yes
configure:11301: checking whether to build static libraries
configure:11305: result: yes
configure:11415: checking for ANSI C header files
configure:11519: result: yes
configure:11529: checking whether byte ordering is bigendian
configure:11544: gcc -c -g -O2  conftest.c >&5
conftest.c:29:13: error: expected '=', ',', ';', 'asm' or '__attribute__' before 'a'
configure:11544: $? = 1
configure: failed program was:
| /* confdefs.h */
| #define PACKAGE_NAME ""
| #define PACKAGE_TARNAME ""
| #define PACKAGE_VERSION ""
| #define PACKAGE_STRING ""
| #define PACKAGE_BUGREPORT ""
| #define PACKAGE_URL ""
| #define MATISDATADIR "/usr/share/matis"
| #define MATIS_MAJOR_VERSION 0
| #define MATIS_MINOR_VERSION 8
| #define MATIS_MICRO_VERSION 0
| #define PACKAGE "matis"
| #define VERSION "0.8.0"
| #define STDC_HEADERS 1
| #define HAVE_SYS_TYPES_H 1
| #define HAVE_SYS_STAT_H 1
| #define HAVE_STDLIB_H 1
| #define HAVE_STRING_H 1
| #define HAVE_MEMORY_H 1
| #define HAVE_STRINGS_H 1
| #define HAVE_INTTYPES_H 1
| #define HAVE_STDINT_H 1
| #define HAVE_UNISTD_H 1
| #define HAVE_DLFCN_H 1
| #define LT_OBJDIR ".libs/"
| #define STDC_HEADERS 1
| /* end confdefs.h.  */
| #ifndef __APPLE_CC__
| 	       not a universal capable compiler
| 	     #endif
| 	     typedef int dummy;
| 
configure:11589: gcc -c -g -O2  conftest.c >&5
configure:11589: $? = 0
configure:11607: gcc -c -g -O2  conftest.c >&5
conftest.c: In function 'main':
conftest.c:35:4: error: 'not' undeclared (first use in this function)
conftest.c:35:4: note: each undeclared identifier is reported only once for each function it appears in
conftest.c:35:8: error: expected ';' before 'big'
configure:11607: $? = 1
configure: failed program was:
| /* confdefs.h */
| #define PACKAGE_NAME ""
| #define PACKAGE_TARNAME ""
| #define PACKAGE_VERSION ""
| #define PACKAGE_STRING ""
| #define PACKAGE_BUGREPORT ""
| #define PACKAGE_URL ""
| #define MATISDATADIR "/usr/share/matis"
| #define MATIS_MAJOR_VERSION 0
| #define MATIS_MINOR_VERSION 8
| #define MATIS_MICRO_VERSION 0
| #define PACKAGE "matis"
| #define VERSION "0.8.0"
| #define STDC_HEADERS 1
| #define HAVE_SYS_TYPES_H 1
| #define HAVE_SYS_STAT_H 1
| #define HAVE_STDLIB_H 1
| #define HAVE_STRING_H 1
| #define HAVE_MEMORY_H 1
| #define HAVE_STRINGS_H 1
| #define HAVE_INTTYPES_H 1
| #define HAVE_STDINT_H 1
| #define HAVE_UNISTD_H 1
| #define HAVE_DLFCN_H 1
| #define LT_OBJDIR ".libs/"
| #define STDC_HEADERS 1
| /* end confdefs.h.  */
| #include <sys/types.h>
| 		#include <sys/param.h>
| 
| int
| main ()
| {
| #if BYTE_ORDER != BIG_ENDIAN
| 		 not big endian
| 		#endif
| 
|   ;
|   return 0;
| }
configure:11735: result: no
configure:11753: checking for an ANSI C-conforming const
configure:11818: gcc -c -g -O2  conftest.c >&5
configure:11818: $? = 0
configure:11825: result: yes
configure:11833: checking for inline
configure:11849: gcc -c -g -O2  conftest.c >&5
configure:11849: $? = 0
configure:11857: result: inline
configure:12001: checking for C++ compiler version
configure:12010: g++3 --version >&5
./configure: line 12012: g++3: command not found
configure:12021: $? = 127
configure:12010: g++3 -v >&5
./configure: line 12012: g++3: command not found
configure:12021: $? = 127
configure:12010: g++3 -V >&5
./configure: line 12012: g++3: command not found
configure:12021: $? = 127
configure:12010: g++3 -qversion >&5
./configure: line 12012: g++3: command not found
configure:12021: $? = 127
configure:12025: checking whether we are using the GNU C++ compiler
configure:12044: g++3 -c   conftest.cpp >&5
./configure: line 1925: g++3: command not found
configure:12044: $? = 127
configure: failed program was:
| /* confdefs.h */
| #define PACKAGE_NAME ""
| #define PACKAGE_TARNAME ""
| #define PACKAGE_VERSION ""
| #define PACKAGE_STRING ""
| #define PACKAGE_BUGREPORT ""
| #define PACKAGE_URL ""
| #define MATISDATADIR "/usr/share/matis"
| #define MATIS_MAJOR_VERSION 0
| #define MATIS_MINOR_VERSION 8
| #define MATIS_MICRO_VERSION 0
| #define PACKAGE "matis"
| #define VERSION "0.8.0"
| #define STDC_HEADERS 1
| #define HAVE_SYS_TYPES_H 1
| #define HAVE_SYS_STAT_H 1
| #define HAVE_STDLIB_H 1
| #define HAVE_STRING_H 1
| #define HAVE_MEMORY_H 1
| #define HAVE_STRINGS_H 1
| #define HAVE_INTTYPES_H 1
| #define HAVE_STDINT_H 1
| #define HAVE_UNISTD_H 1
| #define HAVE_DLFCN_H 1
| #define LT_OBJDIR ".libs/"
| #define STDC_HEADERS 1
| /* end confdefs.h.  */
| 
| int
| main ()
| {
| #ifndef __GNUC__
|        choke me
| #endif
| 
|   ;
|   return 0;
| }
configure:12053: result: no
configure:12062: checking whether g++3 accepts -g
configure:12082: g++3 -c -g  conftest.cpp >&5
./configure: line 1925: g++3: command not found
configure:12082: $? = 127
configure: failed program was:
| /* confdefs.h */
| #define PACKAGE_NAME ""
| #define PACKAGE_TARNAME ""
| #define PACKAGE_VERSION ""
| #define PACKAGE_STRING ""
| #define PACKAGE_BUGREPORT ""
| #define PACKAGE_URL ""
| #define MATISDATADIR "/usr/share/matis"
| #define MATIS_MAJOR_VERSION 0
| #define MATIS_MINOR_VERSION 8
| #define MATIS_MICRO_VERSION 0
| #define PACKAGE "matis"
| #define VERSION "0.8.0"
| #define STDC_HEADERS 1
| #define HAVE_SYS_TYPES_H 1
| #define HAVE_SYS_STAT_H 1
| #define HAVE_STDLIB_H 1
| #define HAVE_STRING_H 1
| #define HAVE_MEMORY_H 1
| #define HAVE_STRINGS_H 1
| #define HAVE_INTTYPES_H 1
| #define HAVE_STDINT_H 1
| #define HAVE_UNISTD_H 1
| #define HAVE_DLFCN_H 1
| #define LT_OBJDIR ".libs/"
| #define STDC_HEADERS 1
| /* end confdefs.h.  */
| 
| int
| main ()
| {
| 
|   ;
|   return 0;
| }
configure:12097: g++3 -c   conftest.cpp >&5
./configure: line 1925: g++3: command not found
configure:12097: $? = 127
configure: failed program was:
| /* confdefs.h */
| #define PACKAGE_NAME ""
| #define PACKAGE_TARNAME ""
| #define PACKAGE_VERSION ""
| #define PACKAGE_STRING ""
| #define PACKAGE_BUGREPORT ""
| #define PACKAGE_URL ""
| #define MATISDATADIR "/usr/share/matis"
| #define MATIS_MAJOR_VERSION 0
| #define MATIS_MINOR_VERSION 8
| #define MATIS_MICRO_VERSION 0
| #define PACKAGE "matis"
| #define VERSION "0.8.0"
| #define STDC_HEADERS 1
| #define HAVE_SYS_TYPES_H 1
| #define HAVE_SYS_STAT_H 1
| #define HAVE_STDLIB_H 1
| #define HAVE_STRING_H 1
| #define HAVE_MEMORY_H 1
| #define HAVE_STRINGS_H 1
| #define HAVE_INTTYPES_H 1
| #define HAVE_STDINT_H 1
| #define HAVE_UNISTD_H 1
| #define HAVE_DLFCN_H 1
| #define LT_OBJDIR ".libs/"
| #define STDC_HEADERS 1
| /* end confdefs.h.  */
| 
| int
| main ()
| {
| 
|   ;
|   return 0;
| }
configure:12113: g++3 -c -g  conftest.cpp >&5
./configure: line 1925: g++3: command not found
configure:12113: $? = 127
configure: failed program was:
| /* confdefs.h */
| #define PACKAGE_NAME ""
| #define PACKAGE_TARNAME ""
| #define PACKAGE_VERSION ""
| #define PACKAGE_STRING ""
| #define PACKAGE_BUGREPORT ""
| #define PACKAGE_URL ""
| #define MATISDATADIR "/usr/share/matis"
| #define MATIS_MAJOR_VERSION 0
| #define MATIS_MINOR_VERSION 8
| #define MATIS_MICRO_VERSION 0
| #define PACKAGE "matis"
| #define VERSION "0.8.0"
| #define STDC_HEADERS 1
| #define HAVE_SYS_TYPES_H 1
| #define HAVE_SYS_STAT_H 1
| #define HAVE_STDLIB_H 1
| #define HAVE_STRING_H 1
| #define HAVE_MEMORY_H 1
| #define HAVE_STRINGS_H 1
| #define HAVE_INTTYPES_H 1
| #define HAVE_STDINT_H 1
| #define HAVE_UNISTD_H 1
| #define HAVE_DLFCN_H 1
| #define LT_OBJDIR ".libs/"
| #define STDC_HEADERS 1
| /* end confdefs.h.  */
| 
| int
| main ()
| {
| 
|   ;
|   return 0;
| }
configure:12123: result: no
configure:12148: checking dependency style of g++3
configure:12258: result: none
configure:12386: checking for C++ compiler version
configure:12395: g++3 --version >&5
./configure: line 12397: g++3: command not found
configure:12406: $? = 127
configure:12395: g++3 -v >&5
./configure: line 12397: g++3: command not found
configure:12406: $? = 127
configure:12395: g++3 -V >&5
./configure: line 12397: g++3: command not found
configure:12406: $? = 127
configure:12395: g++3 -qversion >&5
./configure: line 12397: g++3: command not found
configure:12406: $? = 127
configure:12410: checking whether we are using the GNU C++ compiler
configure:12438: result: no
configure:12447: checking whether g++3 accepts -g
configure:12508: result: no
configure:12533: checking dependency style of g++3
configure:12643: result: none
configure:12666: checking how to run the C++ preprocessor
configure:12693: g++3 -E  conftest.cpp
./configure: line 1962: g++3: command not found
configure:12693: $? = 127
configure: failed program was:
| /* confdefs.h */
| #define PACKAGE_NAME ""
| #define PACKAGE_TARNAME ""
| #define PACKAGE_VERSION ""
| #define PACKAGE_STRING ""
| #define PACKAGE_BUGREPORT ""
| #define PACKAGE_URL ""
| #define MATISDATADIR "/usr/share/matis"
| #define MATIS_MAJOR_VERSION 0
| #define MATIS_MINOR_VERSION 8
| #define MATIS_MICRO_VERSION 0
| #define PACKAGE "matis"
| #define VERSION "0.8.0"
| #define STDC_HEADERS 1
| #define HAVE_SYS_TYPES_H 1
| #define HAVE_SYS_STAT_H 1
| #define HAVE_STDLIB_H 1
| #define HAVE_STRING_H 1
| #define HAVE_MEMORY_H 1
| #define HAVE_STRINGS_H 1
| #define HAVE_INTTYPES_H 1
| #define HAVE_STDINT_H 1
| #define HAVE_UNISTD_H 1
| #define HAVE_DLFCN_H 1
| #define LT_OBJDIR ".libs/"
| #define STDC_HEADERS 1
| /* end confdefs.h.  */
| #ifdef __STDC__
| # include <limits.h>
| #else
| # include <assert.h>
| #endif
| 		     Syntax error
configure:12693: g++3 -E  conftest.cpp
./configure: line 1962: g++3: command not found
configure:12693: $? = 127
configure: failed program was:
| /* confdefs.h */
| #define PACKAGE_NAME ""
| #define PACKAGE_TARNAME ""
| #define PACKAGE_VERSION ""
| #define PACKAGE_STRING ""
| #define PACKAGE_BUGREPORT ""
| #define PACKAGE_URL ""
| #define MATISDATADIR "/usr/share/matis"
| #define MATIS_MAJOR_VERSION 0
| #define MATIS_MINOR_VERSION 8
| #define MATIS_MICRO_VERSION 0
| #define PACKAGE "matis"
| #define VERSION "0.8.0"
| #define STDC_HEADERS 1
| #define HAVE_SYS_TYPES_H 1
| #define HAVE_SYS_STAT_H 1
| #define HAVE_STDLIB_H 1
| #define HAVE_STRING_H 1
| #define HAVE_MEMORY_H 1
| #define HAVE_STRINGS_H 1
| #define HAVE_INTTYPES_H 1
| #define HAVE_STDINT_H 1
| #define HAVE_UNISTD_H 1
| #define HAVE_DLFCN_H 1
| #define LT_OBJDIR ".libs/"
| #define STDC_HEADERS 1
| /* end confdefs.h.  */
| #ifdef __STDC__
| # include <limits.h>
| #else
| # include <assert.h>
| #endif
| 		     Syntax error
configure:12693: /lib/cpp  conftest.cpp
configure:12693: $? = 0
configure:12707: /lib/cpp  conftest.cpp
conftest.cpp:28:28: fatal error: ac_nonexistent.h: No such file or directory
compilation terminated.
configure:12707: $? = 1
configure: failed program was:
| /* confdefs.h */
| #define PACKAGE_NAME ""
| #define PACKAGE_TARNAME ""
| #define PACKAGE_VERSION ""
| #define PACKAGE_STRING ""
| #define PACKAGE_BUGREPORT ""
| #define PACKAGE_URL ""
| #define MATISDATADIR "/usr/share/matis"
| #define MATIS_MAJOR_VERSION 0
| #define MATIS_MINOR_VERSION 8
| #define MATIS_MICRO_VERSION 0
| #define PACKAGE "matis"
| #define VERSION "0.8.0"
| #define STDC_HEADERS 1
| #define HAVE_SYS_TYPES_H 1
| #define HAVE_SYS_STAT_H 1
| #define HAVE_STDLIB_H 1
| #define HAVE_STRING_H 1
| #define HAVE_MEMORY_H 1
| #define HAVE_STRINGS_H 1
| #define HAVE_INTTYPES_H 1
| #define HAVE_STDINT_H 1
| #define HAVE_UNISTD_H 1
| #define HAVE_DLFCN_H 1
| #define LT_OBJDIR ".libs/"
| #define STDC_HEADERS 1
| /* end confdefs.h.  */
| #include <ac_nonexistent.h>
configure:12732: result: /lib/cpp
configure:12752: /lib/cpp  conftest.cpp
configure:12752: $? = 0
configure:12766: /lib/cpp  conftest.cpp
conftest.cpp:28:28: fatal error: ac_nonexistent.h: No such file or directory
compilation terminated.
configure:12766: $? = 1
configure: failed program was:
| /* confdefs.h */
| #define PACKAGE_NAME ""
| #define PACKAGE_TARNAME ""
| #define PACKAGE_VERSION ""
| #define PACKAGE_STRING ""
| #define PACKAGE_BUGREPORT ""
| #define PACKAGE_URL ""
| #define MATISDATADIR "/usr/share/matis"
| #define MATIS_MAJOR_VERSION 0
| #define MATIS_MINOR_VERSION 8
| #define MATIS_MICRO_VERSION 0
| #define PACKAGE "matis"
| #define VERSION "0.8.0"
| #define STDC_HEADERS 1
| #define HAVE_SYS_TYPES_H 1
| #define HAVE_SYS_STAT_H 1
| #define HAVE_STDLIB_H 1
| #define HAVE_STRING_H 1
| #define HAVE_MEMORY_H 1
| #define HAVE_STRINGS_H 1
| #define HAVE_INTTYPES_H 1
| #define HAVE_STDINT_H 1
| #define HAVE_UNISTD_H 1
| #define HAVE_DLFCN_H 1
| #define LT_OBJDIR ".libs/"
| #define STDC_HEADERS 1
| /* end confdefs.h.  */
| #include <ac_nonexistent.h>
configure:13078: checking whether the g++3 linker (/usr/bin/ld -m elf_x86_64) supports shared libraries
configure:13991: result: yes
configure:14019: g++3 -c   conftest.cpp >&5
./configure: line 14020: g++3: command not found
configure:14022: $? = 127
configure:14204: checking for g++3 option to produce PIC
configure:14521: result:  -DPIC
configure:14530: checking if g++3 PIC flag  -DPIC works
configure:14548: g++3 -c    -DPIC -DPIC conftest.cpp >&5
./configure: line 14549: g++3: command not found
configure:14552: $? = 127
configure:14565: result: no
configure:14586: checking if g++3 static flag  works
configure:14614: result: no
configure:14626: checking if g++3 supports -c -o file.o
configure:14647: g++3 -c   -o out/conftest2.o conftest.cpp >&5
./configure: line 14648: g++3: command not found
configure:14651: $? = 127
configure:14673: result: no
configure:14678: checking if g++3 supports -c -o file.o
configure:14725: result: no
configure:14755: checking whether the g++3 linker (/usr/bin/ld -m elf_x86_64) supports shared libraries
configure:14784: result: yes
configure:14921: checking dynamic linker characteristics
configure:15302: g++3 -o conftest     conftest.cpp  >&5
./configure: line 2000: g++3: command not found
configure:15302: $? = 127
configure: failed program was:
| /* confdefs.h */
| #define PACKAGE_NAME ""
| #define PACKAGE_TARNAME ""
| #define PACKAGE_VERSION ""
| #define PACKAGE_STRING ""
| #define PACKAGE_BUGREPORT ""
| #define PACKAGE_URL ""
| #define MATISDATADIR "/usr/share/matis"
| #define MATIS_MAJOR_VERSION 0
| #define MATIS_MINOR_VERSION 8
| #define MATIS_MICRO_VERSION 0
| #define PACKAGE "matis"
| #define VERSION "0.8.0"
| #define STDC_HEADERS 1
| #define HAVE_SYS_TYPES_H 1
| #define HAVE_SYS_STAT_H 1
| #define HAVE_STDLIB_H 1
| #define HAVE_STRING_H 1
| #define HAVE_MEMORY_H 1
| #define HAVE_STRINGS_H 1
| #define HAVE_INTTYPES_H 1
| #define HAVE_STDINT_H 1
| #define HAVE_UNISTD_H 1
| #define HAVE_DLFCN_H 1
| #define LT_OBJDIR ".libs/"
| #define STDC_HEADERS 1
| /* end confdefs.h.  */
| 
| int
| main ()
| {
| 
|   ;
|   return 0;
| }
configure:15532: result: GNU/Linux ld.so
configure:15583: checking how to hardcode library paths into programs
configure:15608: result: unsupported
configure:15678: checking for Boost Libraries...
configure:15692: checking for /usr/include/boost//graph/graph_utility.hpp
configure:15706: result: yes
configure:15779: checking for rti-config
configure:15810: result: /home/dave/Work/HLA/RTI-1.3NGv5/Linux-rh7.2-i386-gcc-3.0.2-opt-mt/bin/rti-config
configure:15827: checking for RTI - version >= 1.3.0
configure:15858: checking if rti sane
configure:15890: g++3 -o conftest -g -O3    conftest.cpp   >&5
./configure: line 2046: g++3: command not found
configure:15890: $? = 127
configure: program exited with status 127
configure: failed program was:
| /* confdefs.h */
| #define PACKAGE_NAME ""
| #define PACKAGE_TARNAME ""
| #define PACKAGE_VERSION ""
| #define PACKAGE_STRING ""
| #define PACKAGE_BUGREPORT ""
| #define PACKAGE_URL ""
| #define MATISDATADIR "/usr/share/matis"
| #define MATIS_MAJOR_VERSION 0
| #define MATIS_MINOR_VERSION 8
| #define MATIS_MICRO_VERSION 0
| #define PACKAGE "matis"
| #define VERSION "0.8.0"
| #define STDC_HEADERS 1
| #define HAVE_SYS_TYPES_H 1
| #define HAVE_SYS_STAT_H 1
| #define HAVE_STDLIB_H 1
| #define HAVE_STRING_H 1
| #define HAVE_MEMORY_H 1
| #define HAVE_STRINGS_H 1
| #define HAVE_INTTYPES_H 1
| #define HAVE_STDINT_H 1
| #define HAVE_UNISTD_H 1
| #define HAVE_DLFCN_H 1
| #define LT_OBJDIR ".libs/"
| #define STDC_HEADERS 1
| /* end confdefs.h.  */
| 
| #include <stdio.h>
| #include <RTI.hh>
| 
| int main(int argc,char **argv)
|   {
|    RTI::RTIambassador rtiAmb;
| 
|    if (RTI_MAJOR_VERSION!=1 ||
|         RTI_MINOR_VERSION!=3)
|      { printf("(%d.%d.%d) ",
|          RTI_MAJOR_VERSION,RTI_MINOR_VERSION,0);
|          return 1;
|      }
|    return 0;
| 
|   }
| 
| 
configure:15897: result: no
configure:15917: error: RTI is required to compile matis. Please check config.log.

## ---------------- ##
## Cache variables. ##
## ---------------- ##

ac_cv_build=x86_64-unknown-linux-gnu
ac_cv_c_bigendian=no
ac_cv_c_compiler_gnu=yes
ac_cv_c_const=yes
ac_cv_c_inline=inline
ac_cv_cxx_compiler_gnu=no
ac_cv_env_CCC_set=
ac_cv_env_CCC_value=
ac_cv_env_CC_set=
ac_cv_env_CC_value=
ac_cv_env_CFLAGS_set=
ac_cv_env_CFLAGS_value=
ac_cv_env_CPPFLAGS_set=
ac_cv_env_CPPFLAGS_value=
ac_cv_env_CPP_set=
ac_cv_env_CPP_value=
ac_cv_env_CXXCPP_set=
ac_cv_env_CXXCPP_value=
ac_cv_env_CXXFLAGS_set=
ac_cv_env_CXXFLAGS_value=
ac_cv_env_CXX_set=set
ac_cv_env_CXX_value=g++3
ac_cv_env_LDFLAGS_set=
ac_cv_env_LDFLAGS_value=
ac_cv_env_LIBS_set=
ac_cv_env_LIBS_value=
ac_cv_env_build_alias_set=
ac_cv_env_build_alias_value=
ac_cv_env_host_alias_set=
ac_cv_env_host_alias_value=
ac_cv_env_target_alias_set=
ac_cv_env_target_alias_value=
ac_cv_file__usr_include_boost__graph_graph_utility_hpp=yes
ac_cv_func_dlopen=no
ac_cv_func_shl_load=no
ac_cv_header_dlfcn_h=yes
ac_cv_header_inttypes_h=yes
ac_cv_header_memory_h=yes
ac_cv_header_stdc=yes
ac_cv_header_stdint_h=yes
ac_cv_header_stdlib_h=yes
ac_cv_header_string_h=yes
ac_cv_header_strings_h=yes
ac_cv_header_sys_stat_h=yes
ac_cv_header_sys_types_h=yes
ac_cv_header_unistd_h=yes
ac_cv_host=x86_64-unknown-linux-gnu
ac_cv_lib_dl_dlopen=yes
ac_cv_lib_dld_shl_load=no
ac_cv_objext=o
ac_cv_path_EGREP='/bin/grep -E'
ac_cv_path_FGREP='/bin/grep -F'
ac_cv_path_GREP=/bin/grep
ac_cv_path_RTI_CONFIG=/home/dave/Work/HLA/RTI-1.3NGv5/Linux-rh7.2-i386-gcc-3.0.2-opt-mt/bin/rti-config
ac_cv_path_SED=/bin/sed
ac_cv_path_install='/usr/bin/install -c'
ac_cv_path_mkdir=/bin/mkdir
ac_cv_prog_AWK=gawk
ac_cv_prog_CPP='gcc -E'
ac_cv_prog_CXXCPP=/lib/cpp
ac_cv_prog_ac_ct_AR=ar
ac_cv_prog_ac_ct_CC=gcc
ac_cv_prog_ac_ct_OBJDUMP=objdump
ac_cv_prog_ac_ct_RANLIB=ranlib
ac_cv_prog_ac_ct_STRIP=strip
ac_cv_prog_cc_c89=
ac_cv_prog_cc_g=yes
ac_cv_prog_cxx_g=no
ac_cv_prog_make_make_set=yes
am_cv_CC_dependencies_compiler_type=gcc3
am_cv_CXX_dependencies_compiler_type=none
am_cv_prog_cc_stdc=
lt_cv_deplibs_check_method=pass_all
lt_cv_dlopen=dlopen
lt_cv_dlopen_libs=-ldl
lt_cv_dlopen_self=yes
lt_cv_dlopen_self_static=no
lt_cv_file_magic_cmd='$MAGIC_CMD'
lt_cv_file_magic_test_file=
lt_cv_ld_reload_flag=-r
lt_cv_nm_interface='BSD nm'
lt_cv_objdir=.libs
lt_cv_path_LD=/usr/bin/ld
lt_cv_path_LDCXX=
lt_cv_path_NM='/usr/bin/nm -B'
lt_cv_prog_compiler_c_o=yes
lt_cv_prog_compiler_c_o_CXX=no
lt_cv_prog_compiler_pic_works=yes
lt_cv_prog_compiler_pic_works_CXX=no
lt_cv_prog_compiler_rtti_exceptions=no
lt_cv_prog_compiler_static_works=yes
lt_cv_prog_compiler_static_works_CXX=no
lt_cv_prog_gnu_ld=yes
lt_cv_prog_gnu_ldcxx=
lt_cv_sys_global_symbol_pipe='sed -n -e '\''s/^.*[	 ]\([ABCDGIRSTW][ABCDGIRSTW]*\)[	 ][	 ]*\([_A-Za-z][_A-Za-z0-9]*\)$/\1 \2 \2/p'\'''
lt_cv_sys_global_symbol_to_c_name_address='sed -n -e '\''s/^: \([^ ]*\) $/  {\"\1\", (void *) 0},/p'\'' -e '\''s/^[ABCDGIRSTW]* \([^ ]*\) \([^ ]*\)$/  {"\2", (void *) \&\2},/p'\'''
lt_cv_sys_global_symbol_to_c_name_address_lib_prefix='sed -n -e '\''s/^: \([^ ]*\) $/  {\"\1\", (void *) 0},/p'\'' -e '\''s/^[ABCDGIRSTW]* \([^ ]*\) \(lib[^ ]*\)$/  {"\2", (void *) \&\2},/p'\'' -e '\''s/^[ABCDGIRSTW]* \([^ ]*\) \([^ ]*\)$/  {"lib\2", (void *) \&\2},/p'\'''
lt_cv_sys_global_symbol_to_cdecl='sed -n -e '\''s/^T .* \(.*\)$/extern int \1();/p'\'' -e '\''s/^[ABCDGIRSTW]* .* \(.*\)$/extern char \1;/p'\'''
lt_cv_sys_max_cmd_len=1572864

## ----------------- ##
## Output variables. ##
## ----------------- ##

ACLOCAL='${SHELL} /home/thehelix/Work/matis/matis/config/missing --run aclocal-1.11'
AMDEPBACKSLASH='\'
AMDEP_FALSE='#'
AMDEP_TRUE=''
AMTAR='${SHELL} /home/thehelix/Work/matis/matis/config/missing --run tar'
AR='ar'
AUTOCONF='${SHELL} /home/thehelix/Work/matis/matis/config/missing --run autoconf'
AUTOHEADER='${SHELL} /home/thehelix/Work/matis/matis/config/missing --run autoheader'
AUTOM4TE='${SHELL} /home/thehelix/Work/matis/matis/config/missing --run autom4te'
AUTOMAKE='${SHELL} /home/thehelix/Work/matis/matis/config/missing --run automake-1.11'
AWK='gawk'
BOOST_LOCATION='/usr/include/boost/'
CC='gcc'
CCDEPMODE='depmode=gcc3'
CFLAGS='-g -O2'
CPP='gcc -E'
CPPFLAGS=''
CXX='g++3'
CXXCPP='/lib/cpp'
CXXDEPMODE='depmode=none'
CXXFLAGS=''
CYGPATH_W='echo'
DEFS=''
DEPDIR='.deps'
DSYMUTIL=''
DUMPBIN=''
ECHO_C=''
ECHO_N='-n'
ECHO_T=''
EGREP='/bin/grep -E'
EXEEXT=''
FGREP='/bin/grep -F'
GNOME_INCLUDEDIR=''
GNOME_LIBDIR=''
GNOME_LIBS=''
GNOME_XML_CFLAGS=''
GNOME_XML_LIB=''
GREP='/bin/grep'
INSTALL_DATA='${INSTALL} -m 644'
INSTALL_PROGRAM='${INSTALL}'
INSTALL_SCRIPT='${INSTALL}'
INSTALL_STRIP_PROGRAM='$(install_sh) -c -s'
LD='/usr/bin/ld -m elf_x86_64'
LDFLAGS=''
LIBMATISRTI_SO_VERSION='0:8:0'
LIBMATIS_SO_VERSION='0:8:0'
LIBOBJS=''
LIBS=''
LIBTOOL='$(SHELL) $(top_builddir)/libtool'
LIBXML2_CONFIG=''
LIPO=''
LN_S='ln -s'
LTLIBOBJS=''
MAKEINFO='${SHELL} /home/thehelix/Work/matis/matis/config/missing --run makeinfo'
MATISDATADIR=''
MATIS_INCLUDES=''
MATIS_MAJOR_VERSION='0'
MATIS_MICRO_VERSION='0'
MATIS_MINOR_VERSION='8'
MATIS_VERSION='0.8.0'
MKDIR_P='/bin/mkdir -p'
NM='/usr/bin/nm -B'
NMEDIT=''
OBJDUMP='objdump'
OBJEXT='o'
OTOOL64=''
OTOOL=''
PACKAGE='matis'
PACKAGE_BUGREPORT=''
PACKAGE_NAME=''
PACKAGE_STRING=''
PACKAGE_TARNAME=''
PACKAGE_URL=''
PACKAGE_VERSION=''
PATH_SEPARATOR=':'
RANLIB='ranlib'
RTI_CFLAGS=''
RTI_CONFIG='/home/dave/Work/HLA/RTI-1.3NGv5/Linux-rh7.2-i386-gcc-3.0.2-opt-mt/bin/rti-config'
RTI_LIBS=''
SED='/bin/sed'
SET_MAKE=''
SHELL='/bin/bash'
STRIP='strip'
VERSION='0.8.0'
ac_aux_dir='config'
ac_ct_CC='gcc'
ac_ct_CXX=''
ac_ct_DUMPBIN=''
am__EXEEXT_FALSE=''
am__EXEEXT_TRUE=''
am__fastdepCC_FALSE='#'
am__fastdepCC_TRUE=''
am__fastdepCXX_FALSE=''
am__fastdepCXX_TRUE='#'
am__include='include'
am__isrc=''
am__leading_dot='.'
am__quote=''
am__tar='${AMTAR} chof - "$$tardir"'
am__untar='${AMTAR} xf -'
bindir='${exec_prefix}/bin'
build='x86_64-unknown-linux-gnu'
build_alias=''
build_cpu='x86_64'
build_os='linux-gnu'
build_vendor='unknown'
datadir='${datarootdir}'
datarootdir='${prefix}/share'
docdir='${datarootdir}/doc/${PACKAGE}'
dvidir='${docdir}'
exec_prefix='/usr'
host='x86_64-unknown-linux-gnu'
host_alias=''
host_cpu='x86_64'
host_os='linux-gnu'
host_vendor='unknown'
htmldir='${docdir}'
includedir='${prefix}/include'
infodir='${datarootdir}/info'
install_sh='${SHELL} /home/thehelix/Work/matis/matis/config/install-sh'
libdir='${exec_prefix}/lib'
libexecdir='${exec_prefix}/libexec'
localedir='${datarootdir}/locale'
localstatedir='${prefix}/var'
lt_ECHO='echo'
mandir='${datarootdir}/man'
mkdir_p='/bin/mkdir -p'
oldincludedir='/usr/include'
pdfdir='${docdir}'
prefix='/usr'
program_transform_name='s,x,x,'
psdir='${docdir}'
sbindir='${exec_prefix}/sbin'
sharedstatedir='${prefix}/com'
sysconfdir='${prefix}/etc'
target_alias=''

## ----------- ##
## confdefs.h. ##
## ----------- ##

/* confdefs.h */
#define PACKAGE_NAME ""
#define PACKAGE_TARNAME ""
#define PACKAGE_VERSION ""
#define PACKAGE_STRING ""
#define PACKAGE_BUGREPORT ""
#define PACKAGE_URL ""
#define MATISDATADIR "/usr/share/matis"
#define MATIS_MAJOR_VERSION 0
#define MATIS_MINOR_VERSION 8
#define MATIS_MICRO_VERSION 0
#define PACKAGE "matis"
#define VERSION "0.8.0"
#define STDC_HEADERS 1
#define HAVE_SYS_TYPES_H 1
#define HAVE_SYS_STAT_H 1
#define HAVE_STDLIB_H 1
#define HAVE_STRING_H 1
#define HAVE_MEMORY_H 1
#define HAVE_STRINGS_H 1
#define HAVE_INTTYPES_H 1
#define HAVE_STDINT_H 1
#define HAVE_UNISTD_H 1
#define HAVE_DLFCN_H 1
#define LT_OBJDIR ".libs/"
#define STDC_HEADERS 1

configure: exit 1
